01/20/2025 09:23:22 AM <ocr.py> [<module>](line 13) -  [Warning] No module named 'pytesseract'
01/20/2025 09:23:22 AM <base_page.py> [<module>](line 22) -  [Warning] No module named 'AppKit'
01/20/2025 09:24:41 AM <base_page.py> [<module>](line 22) -  [Warning] No module named 'AppKit'
01/20/2025 09:33:25 AM <base_page.py> [<module>](line 22) -  [Warning] No module named 'AppKit'
01/20/2025 09:34:10 AM <base_page.py> [<module>](line 22) -  [Warning] No module named 'AppKit'
01/20/2025 09:38:59 AM <base_page.py> [<module>](line 22) -  [Warning] No module named 'AppKit'
01/20/2025 09:40:58 AM <base_page.py> [<module>](line 22) -  [Warning] No module named 'AppKit'
01/20/2025 09:41:34 AM <base_page.py> [<module>](line 22) -  [Warning] No module named 'AppKit'
01/20/2025 09:41:49 AM <base_page.py> [<module>](line 22) -  [Warning] No module named 'AppKit'
01/20/2025 09:41:57 AM <base_page.py> [<module>](line 22) -  [Warning] No module named 'AppKit'
01/20/2025 09:42:08 AM <base_page.py> [<module>](line 22) -  [Warning] No module named 'AppKit'
01/20/2025 09:42:19 AM <base_page.py> [<module>](line 22) -  [Warning] No module named 'AppKit'
01/20/2025 09:42:27 AM <base_page.py> [<module>](line 22) -  [Warning] No module named 'AppKit'
01/20/2025 09:42:40 AM <base_page.py> [<module>](line 22) -  [Warning] No module named 'AppKit'
01/20/2025 09:42:49 AM <base_page.py> [<module>](line 22) -  [Warning] No module named 'AppKit'
01/20/2025 09:43:01 AM <base_page.py> [<module>](line 22) -  [Warning] No module named 'AppKit'
01/20/2025 09:43:08 AM <base_page.py> [<module>](line 22) -  [Warning] No module named 'AppKit'
01/20/2025 09:43:18 AM <base_page.py> [<module>](line 22) -  [Warning] No module named 'AppKit'
01/20/2025 09:43:27 AM <base_page.py> [<module>](line 22) -  [Warning] No module named 'AppKit'
01/20/2025 09:43:35 AM <base_page.py> [<module>](line 22) -  [Warning] No module named 'AppKit'
01/20/2025 09:43:40 AM <base_page.py> [<module>](line 22) -  [Warning] No module named 'AppKit'
01/20/2025 09:43:50 AM <base_page.py> [<module>](line 22) -  [Warning] No module named 'AppKit'
01/20/2025 09:43:56 AM <base_page.py> [<module>](line 22) -  [Warning] No module named 'AppKit'
01/20/2025 09:44:07 AM <base_page.py> [<module>](line 22) -  [Warning] No module named 'AppKit'
01/20/2025 09:44:14 AM <base_page.py> [<module>](line 22) -  [Warning] No module named 'AppKit'
01/20/2025 09:46:44 AM <base_page.py> [<module>](line 22) -  [Warning] No module named 'AppKit'
01/20/2025 09:53:49 AM <base_page.py> [<module>](line 22) -  [Warning] No module named 'Foundation'
01/20/2025 09:56:18 AM <base_page.py> [<module>](line 22) -  [Warning] No module named 'Foundation'
01/20/2025 09:58:28 AM <base_page.py> [<module>](line 22) -  [Warning] No module named 'Foundation'
01/20/2025 10:01:46 AM <base_page.py> [<module>](line 22) -  [Warning] No module named 'Foundation'
01/20/2025 10:15:24 AM <base_page.py> [<module>](line 22) -  [Warning] No module named 'Foundation'
01/20/2025 10:29:45 AM <base_page.py> [<module>](line 22) -  [Warning] No module named 'Foundation'
01/20/2025 10:51:45 AM <base_page.py> [<module>](line 22) -  [Warning] No module named 'Foundation'
01/20/2025 10:53:18 AM <base_page.py> [<module>](line 22) -  [Warning] No module named 'Foundation'
01/20/2025 10:55:37 AM <base_page.py> [<module>](line 22) -  [Warning] No module named 'Foundation'
01/20/2025 10:59:30 AM <base_page.py> [<module>](line 22) -  [Warning] No module named 'Foundation'
01/20/2025 10:59:38 AM <base_page.py> [<module>](line 22) -  [Warning] No module named 'Foundation'
01/20/2025 10:59:54 AM <conftest.py> [get_project_info](line 139) -  [Project Info] SR_No=, TR_No=, VERSION=, Build_No=, Build_File=/workspace\app\, OS_Version=
01/20/2025 10:59:55 AM <aa_init_test.py> [test_usage_log_init](line 43) -  Usage Log Init - Start
01/20/2025 10:59:55 AM <aa_init_test.py> [test_usage_log_init](line 44) -  Usage Log Init - add new record to row: 424
01/20/2025 10:59:55 AM <zz_end_test.py> [test_usage_log_end](line 14) -  Usage Log End - Start
01/20/2025 10:59:55 AM <zz_end_test.py> [test_usage_log_end](line 15) -  Update record to row: 424
01/20/2025 11:11:27 AM <base_page.py> [<module>](line 22) -  [Warning] No module named 'Foundation'
01/20/2025 11:11:47 AM <base_page.py> [<module>](line 22) -  [Warning] No module named 'Foundation'
01/21/2025 05:41:28 AM <base_page.py> [<module>](line 22) -  [Warning] No module named 'Foundation'
01/21/2025 05:55:52 AM <base_page.py> [<module>](line 22) -  [Warning] No module named 'Foundation'
